<?xml version="1.0" encoding="UTF-8"?>
<coverage generated="1717774943665" clover="3.2.0">
  <project timestamp="1717774943665" name="All files">
    <metrics statements="33" coveredstatements="33" conditionals="17" coveredconditionals="17" methods="3" coveredmethods="3" elements="53" coveredelements="53" complexity="0" loc="33" ncloc="33" packages="1" files="2" classes="2"/>
    <file name="gendiff.js" path="/home/denver/Рабочий стол/hexlet-projects/frontend-project-46/src/gendiff.js">
      <metrics statements="20" coveredstatements="20" conditionals="11" coveredconditionals="11" methods="2" coveredmethods="2"/>
      <line num="1" count="1" type="stmt"/>
      <line num="2" count="1" type="stmt"/>
      <line num="3" count="1" type="stmt"/>
      <line num="4" count="1" type="stmt"/>
      <line num="5" count="1" type="stmt"/>
      <line num="6" count="14" type="cond" truecount="1" falsecount="0"/>
      <line num="7" count="14" type="cond" truecount="3" falsecount="0"/>
      <line num="8" count="14" type="cond" truecount="3" falsecount="0"/>
      <line num="9" count="14" type="cond" truecount="2" falsecount="0"/>
      <line num="10" count="4" type="stmt"/>
      <line num="11" count="14" type="stmt"/>
      <line num="12" count="1" type="stmt"/>
      <line num="13" count="1" type="cond" truecount="1" falsecount="0"/>
      <line num="14" count="3" type="stmt"/>
      <line num="15" count="3" type="stmt"/>
      <line num="16" count="3" type="stmt"/>
      <line num="17" count="3" type="stmt"/>
      <line num="18" count="3" type="cond" truecount="1" falsecount="0"/>
      <line num="19" count="3" type="stmt"/>
      <line num="20" count="3" type="stmt"/>
    </file>
    <file name="parsers.js" path="/home/denver/Рабочий стол/hexlet-projects/frontend-project-46/src/parsers.js">
      <metrics statements="13" coveredstatements="13" conditionals="6" coveredconditionals="6" methods="1" coveredmethods="1"/>
      <line num="1" count="1" type="stmt"/>
      <line num="2" count="1" type="stmt"/>
      <line num="3" count="1" type="stmt"/>
      <line num="4" count="1" type="stmt"/>
      <line num="5" count="1" type="cond" truecount="1" falsecount="0"/>
      <line num="6" count="7" type="cond" truecount="1" falsecount="0"/>
      <line num="7" count="4" type="stmt"/>
      <line num="8" count="4" type="cond" truecount="1" falsecount="0"/>
      <line num="9" count="7" type="cond" truecount="2" falsecount="0"/>
      <line num="10" count="2" type="stmt"/>
      <line num="11" count="2" type="cond" truecount="1" falsecount="0"/>
      <line num="12" count="1" type="stmt"/>
      <line num="13" count="1" type="stmt"/>
    </file>
  </project>
</coverage>
