{"/home/denver/Рабочий стол/hexlet-projects/frontend-project-46/src/gendiff.js": {"path":"/home/denver/Рабочий стол/hexlet-projects/frontend-project-46/src/gendiff.js","all":false,"statementMap":{"0":{"start":{"line":1,"column":0},"end":{"line":1,"column":42}},"1":{"start":{"line":2,"column":0},"end":{"line":2,"column":23}},"2":{"start":{"line":3,"column":0},"end":{"line":3,"column":37}},"3":{"start":{"line":4,"column":0},"end":{"line":4,"column":0}},"4":{"start":{"line":5,"column":0},"end":{"line":5,"column":29}},"5":{"start":{"line":6,"column":0},"end":{"line":6,"column":72}},"6":{"start":{"line":7,"column":0},"end":{"line":7,"column":1}},"7":{"start":{"line":8,"column":0},"end":{"line":8,"column":0}},"8":{"start":{"line":9,"column":0},"end":{"line":9,"column":45}},"9":{"start":{"line":10,"column":0},"end":{"line":10,"column":58}},"10":{"start":{"line":11,"column":0},"end":{"line":11,"column":22}},"11":{"start":{"line":12,"column":0},"end":{"line":12,"column":129}},"12":{"start":{"line":13,"column":0},"end":{"line":13,"column":129}},"13":{"start":{"line":14,"column":0},"end":{"line":14,"column":99}},"14":{"start":{"line":15,"column":0},"end":{"line":15,"column":146}},"15":{"start":{"line":16,"column":0},"end":{"line":16,"column":1}},"16":{"start":{"line":17,"column":0},"end":{"line":17,"column":0}},"17":{"start":{"line":18,"column":0},"end":{"line":18,"column":40}},"18":{"start":{"line":19,"column":0},"end":{"line":19,"column":61}},"19":{"start":{"line":20,"column":0},"end":{"line":20,"column":23}},"20":{"start":{"line":21,"column":0},"end":{"line":21,"column":25}},"21":{"start":{"line":22,"column":0},"end":{"line":22,"column":53}},"22":{"start":{"line":23,"column":0},"end":{"line":23,"column":63}},"23":{"start":{"line":24,"column":0},"end":{"line":24,"column":97}},"24":{"start":{"line":25,"column":0},"end":{"line":25,"column":93}},"25":{"start":{"line":26,"column":0},"end":{"line":26,"column":67}},"26":{"start":{"line":27,"column":0},"end":{"line":27,"column":65}},"27":{"start":{"line":28,"column":0},"end":{"line":28,"column":5}},"28":{"start":{"line":29,"column":0},"end":{"line":29,"column":19}},"29":{"start":{"line":30,"column":0},"end":{"line":30,"column":1}},"30":{"start":{"line":31,"column":0},"end":{"line":31,"column":0}},"31":{"start":{"line":32,"column":0},"end":{"line":32,"column":54}},"32":{"start":{"line":33,"column":0},"end":{"line":33,"column":32}},"33":{"start":{"line":34,"column":0},"end":{"line":34,"column":32}},"34":{"start":{"line":35,"column":0},"end":{"line":35,"column":50}},"35":{"start":{"line":36,"column":0},"end":{"line":36,"column":1}}},"s":{"0":1,"1":1,"2":1,"3":1,"4":34,"5":34,"6":34,"7":1,"8":1,"9":0,"10":0,"11":0,"12":0,"13":0,"14":0,"15":0,"16":1,"17":7,"18":7,"19":7,"20":7,"21":28,"22":4,"23":28,"24":18,"25":11,"26":6,"27":7,"28":7,"29":7,"30":1,"31":1,"32":3,"33":3,"34":3,"35":3},"branchMap":{"0":{"type":"branch","line":5,"loc":{"start":{"line":5,"column":0},"end":{"line":7,"column":1}},"locations":[{"start":{"line":5,"column":0},"end":{"line":7,"column":1}}]},"1":{"type":"branch","line":18,"loc":{"start":{"line":18,"column":0},"end":{"line":30,"column":1}},"locations":[{"start":{"line":18,"column":0},"end":{"line":30,"column":1}}]},"2":{"type":"branch","line":21,"loc":{"start":{"line":21,"column":16},"end":{"line":28,"column":3}},"locations":[{"start":{"line":21,"column":16},"end":{"line":28,"column":3}}]},"3":{"type":"branch","line":22,"loc":{"start":{"line":22,"column":27},"end":{"line":22,"column":50}},"locations":[{"start":{"line":22,"column":27},"end":{"line":22,"column":50}}]},"4":{"type":"branch","line":22,"loc":{"start":{"line":22,"column":52},"end":{"line":24,"column":5}},"locations":[{"start":{"line":22,"column":52},"end":{"line":24,"column":5}}]},"5":{"type":"branch","line":24,"loc":{"start":{"line":24,"column":5},"end":{"line":27,"column":65}},"locations":[{"start":{"line":24,"column":5},"end":{"line":27,"column":65}}]},"6":{"type":"branch","line":24,"loc":{"start":{"line":24,"column":39},"end":{"line":24,"column":68}},"locations":[{"start":{"line":24,"column":39},"end":{"line":24,"column":68}}]},"7":{"type":"branch","line":24,"loc":{"start":{"line":24,"column":70},"end":{"line":24,"column":97}},"locations":[{"start":{"line":24,"column":70},"end":{"line":24,"column":97}}]},"8":{"type":"branch","line":25,"loc":{"start":{"line":25,"column":-1},"end":{"line":27,"column":65}},"locations":[{"start":{"line":25,"column":-1},"end":{"line":27,"column":65}}]},"9":{"type":"branch","line":25,"loc":{"start":{"line":25,"column":38},"end":{"line":25,"column":66}},"locations":[{"start":{"line":25,"column":38},"end":{"line":25,"column":66}}]},"10":{"type":"branch","line":25,"loc":{"start":{"line":25,"column":68},"end":{"line":25,"column":93}},"locations":[{"start":{"line":25,"column":68},"end":{"line":25,"column":93}}]},"11":{"type":"branch","line":26,"loc":{"start":{"line":26,"column":-1},"end":{"line":27,"column":65}},"locations":[{"start":{"line":26,"column":-1},"end":{"line":27,"column":65}}]},"12":{"type":"branch","line":26,"loc":{"start":{"line":26,"column":38},"end":{"line":26,"column":67}},"locations":[{"start":{"line":26,"column":38},"end":{"line":26,"column":67}}]},"13":{"type":"branch","line":27,"loc":{"start":{"line":27,"column":-1},"end":{"line":27,"column":65}},"locations":[{"start":{"line":27,"column":-1},"end":{"line":27,"column":65}}]},"14":{"type":"branch","line":32,"loc":{"start":{"line":32,"column":15},"end":{"line":36,"column":1}},"locations":[{"start":{"line":32,"column":15},"end":{"line":36,"column":1}}]}},"b":{"0":[34],"1":[7],"2":[28],"3":[6],"4":[4],"5":[24],"6":[17],"7":[6],"8":[18],"9":[7],"10":[7],"11":[11],"12":[5],"13":[6],"14":[3]},"fnMap":{"0":{"name":"isObject","decl":{"start":{"line":5,"column":0},"end":{"line":7,"column":1}},"loc":{"start":{"line":5,"column":0},"end":{"line":7,"column":1}},"line":5},"1":{"name":"formatStylish","decl":{"start":{"line":10,"column":0},"end":{"line":16,"column":1}},"loc":{"start":{"line":10,"column":0},"end":{"line":16,"column":1}},"line":10},"2":{"name":"differenceObjects","decl":{"start":{"line":18,"column":0},"end":{"line":30,"column":1}},"loc":{"start":{"line":18,"column":0},"end":{"line":30,"column":1}},"line":18},"3":{"name":"showDifference","decl":{"start":{"line":32,"column":15},"end":{"line":36,"column":1}},"loc":{"start":{"line":32,"column":15},"end":{"line":36,"column":1}},"line":32}},"f":{"0":34,"1":0,"2":7,"3":3}}
,"/home/denver/Рабочий стол/hexlet-projects/frontend-project-46/src/parsers.js": {"path":"/home/denver/Рабочий стол/hexlet-projects/frontend-project-46/src/parsers.js","all":false,"statementMap":{"0":{"start":{"line":1,"column":0},"end":{"line":1,"column":29}},"1":{"start":{"line":2,"column":0},"end":{"line":2,"column":27}},"2":{"start":{"line":3,"column":0},"end":{"line":3,"column":39}},"3":{"start":{"line":4,"column":0},"end":{"line":4,"column":0}},"4":{"start":{"line":5,"column":0},"end":{"line":5,"column":41}},"5":{"start":{"line":6,"column":0},"end":{"line":6,"column":39}},"6":{"start":{"line":7,"column":0},"end":{"line":7,"column":50}},"7":{"start":{"line":8,"column":0},"end":{"line":8,"column":3}},"8":{"start":{"line":9,"column":0},"end":{"line":9,"column":72}},"9":{"start":{"line":10,"column":0},"end":{"line":10,"column":50}},"10":{"start":{"line":11,"column":0},"end":{"line":11,"column":3}},"11":{"start":{"line":12,"column":0},"end":{"line":12,"column":12}},"12":{"start":{"line":13,"column":0},"end":{"line":13,"column":1}}},"s":{"0":1,"1":1,"2":1,"3":1,"4":1,"5":7,"6":4,"7":4,"8":7,"9":2,"10":2,"11":1,"12":1},"branchMap":{"0":{"type":"branch","line":5,"loc":{"start":{"line":5,"column":15},"end":{"line":13,"column":1}},"locations":[{"start":{"line":5,"column":15},"end":{"line":13,"column":1}}]},"1":{"type":"branch","line":6,"loc":{"start":{"line":6,"column":38},"end":{"line":8,"column":3}},"locations":[{"start":{"line":6,"column":38},"end":{"line":8,"column":3}}]},"2":{"type":"branch","line":8,"loc":{"start":{"line":8,"column":2},"end":{"line":9,"column":39}},"locations":[{"start":{"line":8,"column":2},"end":{"line":9,"column":39}}]},"3":{"type":"branch","line":9,"loc":{"start":{"line":9,"column":35},"end":{"line":9,"column":69}},"locations":[{"start":{"line":9,"column":35},"end":{"line":9,"column":69}}]},"4":{"type":"branch","line":9,"loc":{"start":{"line":9,"column":71},"end":{"line":11,"column":3}},"locations":[{"start":{"line":9,"column":71},"end":{"line":11,"column":3}}]},"5":{"type":"branch","line":11,"loc":{"start":{"line":11,"column":2},"end":{"line":13,"column":1}},"locations":[{"start":{"line":11,"column":2},"end":{"line":13,"column":1}}]}},"b":{"0":[7],"1":[4],"2":[3],"3":[1],"4":[2],"5":[1]},"fnMap":{"0":{"name":"parseFile","decl":{"start":{"line":5,"column":15},"end":{"line":13,"column":1}},"loc":{"start":{"line":5,"column":15},"end":{"line":13,"column":1}},"line":5}},"f":{"0":7}}
}
