{"/home/denver/Рабочий стол/hexlet-projects/frontend-project-46/src/gendiff.js": {"path":"/home/denver/Рабочий стол/hexlet-projects/frontend-project-46/src/gendiff.js","all":false,"statementMap":{"0":{"start":{"line":1,"column":0},"end":{"line":1,"column":42}},"1":{"start":{"line":2,"column":0},"end":{"line":2,"column":23}},"2":{"start":{"line":3,"column":0},"end":{"line":3,"column":37}},"3":{"start":{"line":4,"column":0},"end":{"line":4,"column":0}},"4":{"start":{"line":5,"column":0},"end":{"line":5,"column":45}},"5":{"start":{"line":6,"column":0},"end":{"line":6,"column":44}},"6":{"start":{"line":7,"column":0},"end":{"line":7,"column":108}},"7":{"start":{"line":8,"column":0},"end":{"line":8,"column":108}},"8":{"start":{"line":9,"column":0},"end":{"line":9,"column":78}},"9":{"start":{"line":10,"column":0},"end":{"line":10,"column":104}},"10":{"start":{"line":11,"column":0},"end":{"line":11,"column":1}},"11":{"start":{"line":12,"column":0},"end":{"line":12,"column":0}},"12":{"start":{"line":13,"column":0},"end":{"line":13,"column":54}},"13":{"start":{"line":14,"column":0},"end":{"line":14,"column":32}},"14":{"start":{"line":15,"column":0},"end":{"line":15,"column":32}},"15":{"start":{"line":16,"column":0},"end":{"line":16,"column":59}},"16":{"start":{"line":17,"column":0},"end":{"line":17,"column":24}},"17":{"start":{"line":18,"column":0},"end":{"line":18,"column":87}},"18":{"start":{"line":19,"column":0},"end":{"line":19,"column":27}},"19":{"start":{"line":20,"column":0},"end":{"line":20,"column":1}}},"s":{"0":1,"1":1,"2":1,"3":1,"4":1,"5":14,"6":14,"7":14,"8":14,"9":4,"10":14,"11":1,"12":1,"13":3,"14":3,"15":3,"16":3,"17":3,"18":3,"19":3},"branchMap":{"0":{"type":"branch","line":6,"loc":{"start":{"line":6,"column":0},"end":{"line":11,"column":1}},"locations":[{"start":{"line":6,"column":0},"end":{"line":11,"column":1}}]},"1":{"type":"branch","line":7,"loc":{"start":{"line":7,"column":30},"end":{"line":7,"column":59}},"locations":[{"start":{"line":7,"column":30},"end":{"line":7,"column":59}}]},"2":{"type":"branch","line":7,"loc":{"start":{"line":7,"column":61},"end":{"line":7,"column":108}},"locations":[{"start":{"line":7,"column":61},"end":{"line":7,"column":108}}]},"3":{"type":"branch","line":7,"loc":{"start":{"line":7,"column":107},"end":{"line":8,"column":35}},"locations":[{"start":{"line":7,"column":107},"end":{"line":8,"column":35}}]},"4":{"type":"branch","line":8,"loc":{"start":{"line":8,"column":31},"end":{"line":8,"column":59}},"locations":[{"start":{"line":8,"column":31},"end":{"line":8,"column":59}}]},"5":{"type":"branch","line":8,"loc":{"start":{"line":8,"column":61},"end":{"line":8,"column":108}},"locations":[{"start":{"line":8,"column":61},"end":{"line":8,"column":108}}]},"6":{"type":"branch","line":8,"loc":{"start":{"line":8,"column":107},"end":{"line":9,"column":31}},"locations":[{"start":{"line":8,"column":107},"end":{"line":9,"column":31}}]},"7":{"type":"branch","line":9,"loc":{"start":{"line":9,"column":31},"end":{"line":9,"column":78}},"locations":[{"start":{"line":9,"column":31},"end":{"line":9,"column":78}}]},"8":{"type":"branch","line":9,"loc":{"start":{"line":9,"column":77},"end":{"line":10,"column":104}},"locations":[{"start":{"line":9,"column":77},"end":{"line":10,"column":104}}]},"9":{"type":"branch","line":13,"loc":{"start":{"line":13,"column":15},"end":{"line":20,"column":1}},"locations":[{"start":{"line":13,"column":15},"end":{"line":20,"column":1}}]},"10":{"type":"branch","line":18,"loc":{"start":{"line":18,"column":29},"end":{"line":18,"column":81}},"locations":[{"start":{"line":18,"column":29},"end":{"line":18,"column":81}}]}},"b":{"0":[14],"1":[11],"2":[5],"3":[9],"4":[3],"5":[3],"6":[6],"7":[2],"8":[4],"9":[3],"10":[14]},"fnMap":{"0":{"name":"reduce","decl":{"start":{"line":6,"column":0},"end":{"line":11,"column":1}},"loc":{"start":{"line":6,"column":0},"end":{"line":11,"column":1}},"line":6},"1":{"name":"showDifference","decl":{"start":{"line":13,"column":15},"end":{"line":20,"column":1}},"loc":{"start":{"line":13,"column":15},"end":{"line":20,"column":1}},"line":13}},"f":{"0":14,"1":3}}
,"/home/denver/Рабочий стол/hexlet-projects/frontend-project-46/src/parsers.js": {"path":"/home/denver/Рабочий стол/hexlet-projects/frontend-project-46/src/parsers.js","all":false,"statementMap":{"0":{"start":{"line":1,"column":0},"end":{"line":1,"column":29}},"1":{"start":{"line":2,"column":0},"end":{"line":2,"column":27}},"2":{"start":{"line":3,"column":0},"end":{"line":3,"column":39}},"3":{"start":{"line":4,"column":0},"end":{"line":4,"column":0}},"4":{"start":{"line":5,"column":0},"end":{"line":5,"column":41}},"5":{"start":{"line":6,"column":0},"end":{"line":6,"column":39}},"6":{"start":{"line":7,"column":0},"end":{"line":7,"column":50}},"7":{"start":{"line":8,"column":0},"end":{"line":8,"column":3}},"8":{"start":{"line":9,"column":0},"end":{"line":9,"column":72}},"9":{"start":{"line":10,"column":0},"end":{"line":10,"column":50}},"10":{"start":{"line":11,"column":0},"end":{"line":11,"column":3}},"11":{"start":{"line":12,"column":0},"end":{"line":12,"column":12}},"12":{"start":{"line":13,"column":0},"end":{"line":13,"column":1}}},"s":{"0":1,"1":1,"2":1,"3":1,"4":1,"5":7,"6":4,"7":4,"8":7,"9":2,"10":2,"11":1,"12":1},"branchMap":{"0":{"type":"branch","line":5,"loc":{"start":{"line":5,"column":15},"end":{"line":13,"column":1}},"locations":[{"start":{"line":5,"column":15},"end":{"line":13,"column":1}}]},"1":{"type":"branch","line":6,"loc":{"start":{"line":6,"column":38},"end":{"line":8,"column":3}},"locations":[{"start":{"line":6,"column":38},"end":{"line":8,"column":3}}]},"2":{"type":"branch","line":8,"loc":{"start":{"line":8,"column":2},"end":{"line":9,"column":39}},"locations":[{"start":{"line":8,"column":2},"end":{"line":9,"column":39}}]},"3":{"type":"branch","line":9,"loc":{"start":{"line":9,"column":35},"end":{"line":9,"column":69}},"locations":[{"start":{"line":9,"column":35},"end":{"line":9,"column":69}}]},"4":{"type":"branch","line":9,"loc":{"start":{"line":9,"column":71},"end":{"line":11,"column":3}},"locations":[{"start":{"line":9,"column":71},"end":{"line":11,"column":3}}]},"5":{"type":"branch","line":11,"loc":{"start":{"line":11,"column":2},"end":{"line":13,"column":1}},"locations":[{"start":{"line":11,"column":2},"end":{"line":13,"column":1}}]}},"b":{"0":[7],"1":[4],"2":[3],"3":[1],"4":[2],"5":[1]},"fnMap":{"0":{"name":"parseFile","decl":{"start":{"line":5,"column":15},"end":{"line":13,"column":1}},"loc":{"start":{"line":5,"column":15},"end":{"line":13,"column":1}},"line":5}},"f":{"0":7}}
}
