TN:
SF:src/differencers.js
FN:5,makeChanging
FN:31,differenceObjects
FN:48,getStatus
FN:52,getKeyName
FN:56,getValue
FN:66,getInnerChangings
FNF:6
FNH:6
FNDA:84,makeChanging
FNDA:30,differenceObjects
FNDA:184,getStatus
FNDA:72,getKeyName
FNDA:56,getValue
FNDA:16,getInnerChangings
DA:1,1
DA:2,1
DA:3,1
DA:4,1
DA:5,84
DA:6,84
DA:7,12
DA:8,12
DA:9,12
DA:10,12
DA:11,12
DA:12,84
DA:13,30
DA:14,30
DA:15,30
DA:16,30
DA:17,30
DA:18,84
DA:19,18
DA:20,18
DA:21,18
DA:22,18
DA:23,18
DA:24,84
DA:25,24
DA:26,24
DA:27,24
DA:28,24
DA:29,24
DA:30,1
DA:31,1
DA:32,30
DA:33,30
DA:34,30
DA:35,30
DA:36,108
DA:37,24
DA:38,24
DA:39,24
DA:40,24
DA:41,24
DA:42,24
DA:43,84
DA:44,84
DA:45,30
DA:46,30
DA:47,1
DA:48,1
DA:49,184
DA:50,184
DA:51,1
DA:52,1
DA:53,72
DA:54,72
DA:55,1
DA:56,1
DA:57,56
DA:58,56
DA:59,56
DA:60,56
DA:61,56
DA:62,56
DA:63,56
DA:64,56
DA:65,1
DA:66,1
DA:67,16
DA:68,16
LF:68
LH:68
BRDA:5,0,0,84
BRDA:6,1,0,54
BRDA:6,2,0,12
BRDA:12,3,0,72
BRDA:12,4,0,30
BRDA:12,5,0,30
BRDA:18,6,0,42
BRDA:18,7,0,18
BRDA:24,8,0,24
BRDA:31,9,0,30
BRDA:35,10,0,108
BRDA:36,11,0,36
BRDA:36,12,0,24
BRDA:42,13,0,84
BRDA:48,14,0,184
BRDA:52,15,0,72
BRDA:56,16,0,56
BRDA:58,17,0,20
BRDA:59,18,0,28
BRDA:60,19,0,40
BRDA:62,20,0,0
BRDA:66,21,0,16
BRF:22
BRH:21
end_of_record
TN:
SF:src/gendiff.js
FN:6,genDiff
FNF:1
FNH:1
FNDA:6,genDiff
DA:1,1
DA:2,1
DA:3,1
DA:4,1
DA:5,1
DA:6,1
DA:7,6
DA:8,6
DA:9,6
DA:10,6
DA:11,6
DA:12,6
LF:12
LH:12
BRDA:6,0,0,6
BRF:1
BRH:1
end_of_record
TN:
SF:src/parsers.js
FN:6,parseFile
FNF:1
FNH:1
FNDA:12,parseFile
DA:1,1
DA:2,1
DA:3,1
DA:4,1
DA:5,1
DA:6,1
DA:7,12
DA:8,6
DA:9,6
DA:10,12
DA:11,6
DA:12,6
DA:13,12
LF:13
LH:13
BRDA:6,0,0,12
BRDA:7,1,0,6
BRDA:10,2,0,0
BRDA:10,3,0,6
BRF:4
BRH:3
end_of_record
TN:
SF:src/utils.js
FN:1,isObject
FN:5,isArray
FNF:2
FNH:2
FNDA:224,isObject
FNDA:44,isArray
DA:1,1
DA:2,224
DA:3,224
DA:4,1
DA:5,1
DA:6,44
DA:7,44
LF:7
LH:7
BRDA:1,0,0,224
BRDA:5,1,0,44
BRF:2
BRH:2
end_of_record
TN:
SF:src/formatters/index.js
FN:5,printDifference
FNF:1
FNH:1
FNDA:6,printDifference
DA:1,1
DA:2,1
DA:3,1
DA:4,1
DA:5,1
DA:6,6
DA:7,6
DA:8,2
DA:9,0
DA:10,0
LF:10
LH:8
BRDA:5,0,0,6
BRDA:6,1,0,2
BRDA:6,2,0,4
BRDA:7,3,0,2
BRDA:8,4,0,0
BRF:5
BRH:4
end_of_record
TN:
SF:src/formatters/json.js
FN:1,formJson
FNF:1
FNH:1
FNDA:2,formJson
DA:1,1
DA:2,2
DA:3,2
LF:3
LH:3
BRDA:1,0,0,2
BRF:1
BRH:1
end_of_record
TN:
SF:src/formatters/plain.js
FN:9,closeInBrackets
FN:14,bringToRequired
FN:20,printLine
FN:34,formPlain
FN:36,iter
FNF:5
FNH:5
FNDA:20,closeInBrackets
FNDA:26,bringToRequired
FNDA:28,printLine
FNDA:2,formPlain
FNDA:10,iter
DA:1,1
DA:2,1
DA:3,1
DA:4,1
DA:5,1
DA:6,1
DA:7,1
DA:8,1
DA:9,20
DA:10,20
DA:11,6
DA:12,6
DA:13,1
DA:14,26
DA:15,26
DA:16,20
DA:17,20
DA:18,1
DA:19,1
DA:20,28
DA:21,28
DA:22,8
DA:23,8
DA:24,8
DA:25,28
DA:26,10
DA:27,10
DA:28,28
DA:29,4
DA:30,4
DA:31,6
DA:32,28
DA:33,1
DA:34,1
DA:35,2
DA:36,2
DA:37,10
DA:38,10
DA:39,36
DA:40,8
DA:41,8
DA:42,36
DA:43,10
DA:44,10
DA:45,2
DA:46,2
LF:46
LH:46
BRDA:9,0,0,20
BRDA:10,1,0,14
BRDA:10,2,0,6
BRDA:14,3,0,26
BRDA:15,4,0,6
BRDA:15,5,0,20
BRDA:20,6,0,28
BRDA:21,7,0,8
BRDA:24,8,0,20
BRDA:25,9,0,10
BRDA:28,10,0,4
BRDA:30,11,0,6
BRDA:34,12,0,2
BRDA:36,13,0,10
BRDA:38,14,0,36
BRDA:39,15,0,8
BRDA:42,16,0,28
BRF:17
BRH:17
end_of_record
TN:
SF:src/formatters/stylish.js
FN:19,printObject
FN:30,printLine
FN:41,formStylish
FN:45,iter
FNF:4
FNH:4
FNDA:14,printObject
FNDA:44,printLine
FNDA:2,formStylish
FNDA:10,iter
DA:1,1
DA:2,1
DA:3,1
DA:4,1
DA:5,1
DA:6,1
DA:7,1
DA:8,1
DA:9,1
DA:10,1
DA:11,1
DA:12,1
DA:13,1
DA:14,1
DA:15,1
DA:16,1
DA:17,1
DA:18,1
DA:19,14
DA:20,14
DA:21,14
DA:22,18
DA:23,6
DA:24,6
DA:25,12
DA:26,14
DA:27,14
DA:28,14
DA:29,1
DA:30,44
DA:31,44
DA:32,8
DA:33,8
DA:34,8
DA:35,44
DA:36,8
DA:37,8
DA:38,28
DA:39,28
DA:40,1
DA:41,1
DA:42,2
DA:43,2
DA:44,2
DA:45,2
DA:46,10
DA:47,10
DA:48,36
DA:49,8
DA:50,8
DA:51,28
DA:52,10
DA:53,10
DA:54,10
DA:55,2
DA:56,2
LF:56
LH:56
BRDA:19,0,0,14
BRDA:21,1,0,18
BRDA:22,2,0,6
BRDA:24,3,0,12
BRDA:30,4,0,44
BRDA:31,5,0,8
BRDA:34,6,0,36
BRDA:35,7,0,8
BRDA:37,8,0,28
BRDA:41,9,0,2
BRDA:45,10,0,10
BRDA:47,11,0,36
BRDA:48,12,0,8
BRDA:50,13,0,28
BRF:14
BRH:14
end_of_record
