TN:
SF:src/gendiff.js
FN:5,isObject
FN:10,formatStylish
FN:18,differenceObjects
FN:32,showDifference
FNF:4
FNH:3
FNDA:34,isObject
FNDA:0,formatStylish
FNDA:7,differenceObjects
FNDA:3,showDifference
DA:1,1
DA:2,1
DA:3,1
DA:4,1
DA:5,34
DA:6,34
DA:7,34
DA:8,1
DA:9,1
DA:10,0
DA:11,0
DA:12,0
DA:13,0
DA:14,0
DA:15,0
DA:16,0
DA:17,1
DA:18,7
DA:19,7
DA:20,7
DA:21,7
DA:22,28
DA:23,4
DA:24,28
DA:25,18
DA:26,11
DA:27,6
DA:28,7
DA:29,7
DA:30,7
DA:31,1
DA:32,1
DA:33,3
DA:34,3
DA:35,3
DA:36,3
LF:36
LH:29
BRDA:5,0,0,34
BRDA:18,1,0,7
BRDA:21,2,0,28
BRDA:22,3,0,6
BRDA:22,4,0,4
BRDA:24,5,0,24
BRDA:24,6,0,17
BRDA:24,7,0,6
BRDA:25,8,0,18
BRDA:25,9,0,7
BRDA:25,10,0,7
BRDA:26,11,0,11
BRDA:26,12,0,5
BRDA:27,13,0,6
BRDA:32,14,0,3
BRF:15
BRH:15
end_of_record
TN:
SF:src/parsers.js
FN:5,parseFile
FNF:1
FNH:1
FNDA:7,parseFile
DA:1,1
DA:2,1
DA:3,1
DA:4,1
DA:5,1
DA:6,7
DA:7,4
DA:8,4
DA:9,7
DA:10,2
DA:11,2
DA:12,1
DA:13,1
LF:13
LH:13
BRDA:5,0,0,7
BRDA:6,1,0,4
BRDA:8,2,0,3
BRDA:9,3,0,1
BRDA:9,4,0,2
BRDA:11,5,0,1
BRF:6
BRH:6
end_of_record
